<?xml version="1.0" encoding="UTF-8"?>
<!-- Generated by org.testng.reporters.JUnitReportReporter -->
<testsuite hostname="DESKTOP-GTM5910" failures="0" tests="5" name="practicetest.Class4_Practice" time="0.012" errors="0" timestamp="2024-04-07T15:58:25 IST" skipped="0">
  <testcase classname="practicetest.Class4_Practice" name="test5" time="0.002"/>
  <testcase classname="practicetest.Class4_Practice" name="test4" time="0.003"/>
  <testcase classname="practicetest.Class4_Practice" name="test2" time="0.002"/>
  <testcase classname="practicetest.Class4_Practice" name="test1" time="0.002"/>
  <testcase classname="practicetest.Class4_Practice" name="test3" time="0.003"/>
</testsuite> <!-- practicetest.Class4_Practice -->
