<?xml version="1.0" encoding="UTF-8"?>
<!-- Generated by org.testng.reporters.JUnitReportReporter -->
<testsuite hostname="DESKTOP-GTM5910" failures="0" tests="6" name="practicetest.Class1_TestNg" time="0.012" errors="0" timestamp="2024-04-07T15:58:25 IST" skipped="0">
  <testcase classname="practicetest.Class1_TestNg" name="method" time="0.002"/>
  <testcase classname="practicetest.Class1_TestNg" name="method3" time="0.002"/>
  <testcase classname="practicetest.Class1_TestNg" name="method3" time="0.002"/>
  <testcase classname="practicetest.Class1_TestNg" name="method2" time="0.001"/>
  <testcase classname="practicetest.Class1_TestNg" name="method1" time="0.003"/>
  <testcase classname="practicetest.Class1_TestNg" name="method1" time="0.002"/>
</testsuite> <!-- practicetest.Class1_TestNg -->
