<?xml version="1.0" encoding="UTF-8"?>
<!-- Generated by org.testng.reporters.JUnitReportReporter -->
<testsuite hostname="DESKTOP-GTM5910" failures="0" tests="6" name="practicetest.Class2_TestNg2" time="0.045" errors="0" timestamp="2024-04-07T15:58:25 IST" skipped="0">
  <testcase classname="practicetest.Class2_TestNg2" name="method" time="0.009"/>
  <testcase classname="practicetest.Class2_TestNg2" name="method1" time="0.009"/>
  <testcase classname="practicetest.Class2_TestNg2" name="method2" time="0.007"/>
  <testcase classname="practicetest.Class2_TestNg2" name="method2" time="0.009"/>
  <testcase classname="practicetest.Class2_TestNg2" name="method2" time="0.009"/>
  <testcase classname="practicetest.Class2_TestNg2" name="method3" time="0.002"/>
</testsuite> <!-- practicetest.Class2_TestNg2 -->
